C51 COMPILER V9.60.7.0   MAIN                                                              09/07/2025 09:57:53 PAGE 1   


C51 COMPILER V9.60.7.0, COMPILATION OF MODULE MAIN
OBJECT MODULE PLACED IN .\Objects\main.obj
COMPILER INVOKED BY: E:\software\software\keil5\C51\BIN\C51.EXE main.c OPTIMIZE(8,SPEED) BROWSE DEBUG OBJECTEXTEND PRINT
                    -(.\Listings\main.lst) OBJECT(.\Objects\main.obj)

line level    source

   1          #include <REGX52.H>
   2          
   3          void Delay(unsigned int t)              //@12.000MHz
   4          {
   5   1              unsigned char i, j;
   6   1              while(t)
   7   1              {
   8   2                      i = 2;
   9   2                      j = 239;
  10   2                      do
  11   2                      {
  12   3                              while (--j);
  13   3                      } while (--i);
  14   2                      t--;
  15   2              }
  16   1      }
  17          
  18          
  19          void main()
  20          {
  21   1              while(1)
  22   1              {
  23   2                      if(P3_1==0)//press
  24   2                      {
  25   3                              //filter fluctuation
  26   3                              Delay(20);
  27   3                              while(P3_1==0);
  28   3                              Delay(20);
  29   3                              
  30   3                              P2_0=~P2_0;//reverse LED light
  31   3                      }
  32   2              }
  33   1      }


MODULE INFORMATION:   STATIC OVERLAYABLE
   CODE SIZE        =     44    ----
   CONSTANT SIZE    =   ----    ----
   XDATA SIZE       =   ----    ----
   PDATA SIZE       =   ----    ----
   DATA SIZE        =   ----    ----
   IDATA SIZE       =   ----    ----
   BIT SIZE         =   ----    ----
END OF MODULE INFORMATION.


C51 COMPILATION COMPLETE.  0 WARNING(S),  0 ERROR(S)
