C51 COMPILER V9.60.7.0   MAIN                                                              09/07/2025 10:52:40 PAGE 1   


C51 COMPILER V9.60.7.0, COMPILATION OF MODULE MAIN
OBJECT MODULE PLACED IN .\Objects\main.obj
COMPILER INVOKED BY: E:\software\software\keil5\C51\BIN\C51.EXE main.c OPTIMIZE(8,SPEED) BROWSE DEBUG OBJECTEXTEND PRINT
                    -(.\Listings\main.lst) OBJECT(.\Objects\main.obj)

line level    source

   1          #include <REGX52.H>
   2          void Delay(unsigned int t);
   3          
   4          unsigned char LEDNum;
   5          
   6          void main()
   7          {
   8   1              P2=~0x01;
   9   1              while(1)
  10   1              {
  11   2                      if(P3_1==0)//press
  12   2                      {
  13   3                              //filter fluctuation
  14   3                              Delay(20);
  15   3                              while(P3_1==0);
  16   3                              Delay(20);
  17   3                              
  18   3                              LEDNum++;
  19   3                              if(LEDNum>=8)
  20   3                                      LEDNum=0;
  21   3                              P2=~(0x01<<LEDNum);//reverse LED light
  22   3                      }
  23   2                      if(P3_0==0)//press
  24   2                      {
  25   3                              //filter fluctuation
  26   3                              Delay(20);
  27   3                              while(P3_0==0);
  28   3                              Delay(20);
  29   3                              
  30   3                              if(LEDNum<=0)
  31   3                                      LEDNum=7;
  32   3                              else
  33   3                                      LEDNum--;
  34   3                              P2=~(0x01<<LEDNum);//reverse LED light
  35   3                      }
  36   2              }
  37   1      }
  38          
  39          void Delay(unsigned int t)              //@12.000MHz
  40          {
  41   1              unsigned char i, j;
  42   1              while(t)
  43   1              {
  44   2                      i = 2;
  45   2                      j = 239;
  46   2                      do
  47   2                      {
  48   3                              while (--j);
  49   3                      } while (--i);
  50   2                      t--;
  51   2              }
  52   1      }


C51 COMPILER V9.60.7.0   MAIN                                                              09/07/2025 10:52:40 PAGE 2   

MODULE INFORMATION:   STATIC OVERLAYABLE
   CODE SIZE        =    111    ----
   CONSTANT SIZE    =   ----    ----
   XDATA SIZE       =   ----    ----
   PDATA SIZE       =   ----    ----
   DATA SIZE        =      1    ----
   IDATA SIZE       =   ----    ----
   BIT SIZE         =   ----    ----
END OF MODULE INFORMATION.


C51 COMPILATION COMPLETE.  0 WARNING(S),  0 ERROR(S)
