C51 COMPILER V9.60.7.0   MAIN                                                              09/06/2025 21:03:08 PAGE 1   


C51 COMPILER V9.60.7.0, COMPILATION OF MODULE MAIN
OBJECT MODULE PLACED IN .\Objects\main.obj
COMPILER INVOKED BY: E:\software\software\keil5\C51\BIN\C51.EXE main.c OPTIMIZE(8,SPEED) BROWSE DEBUG OBJECTEXTEND PRINT
                    -(.\Listings\main.lst) TABS(2) OBJECT(.\Objects\main.obj)

line level    source

   1          #include <REGX52.H>
   2          
   3          void Delay1ms(unsigned int t)   //@12.000MHz
   4          {
   5   1        unsigned char i, j;
   6   1        while(t)
   7   1        {
   8   2          i = 2;
   9   2          j = 239;
  10   2          do
  11   2          {
  12   3            while (--j);
  13   3          } while (--i);
  14   2          t--;
  15   2        }
  16   1      }
  17          
  18          
  19          void main()
  20          {
  21   1        while(1)
  22   1        {
  23   2          P2=0xFE;//1111 1110
  24   2          Delay1ms(500);
  25   2          P2=0xFD;//1111 1101
  26   2          Delay1ms(500);
  27   2          P2=0xFB;//1111 1011
  28   2          Delay1ms(500);
  29   2          P2=0xF7;//1111 0111
  30   2          Delay1ms(500);
  31   2          P2=0xEF;//1110 1111
  32   2          Delay1ms(500);
  33   2          P2=0xDF;//1101 1111
  34   2          Delay1ms(500);
  35   2          P2=0xBF;//1011 1111
  36   2          Delay1ms(500);
  37   2          P2=0x7F;//0111 1111
  38   2          Delay1ms(500);
  39   2        }
  40   1      }


MODULE INFORMATION:   STATIC OVERLAYABLE
   CODE SIZE        =     74    ----
   CONSTANT SIZE    =   ----    ----
   XDATA SIZE       =   ----    ----
   PDATA SIZE       =   ----    ----
   DATA SIZE        =   ----    ----
   IDATA SIZE       =   ----    ----
   BIT SIZE         =   ----    ----
END OF MODULE INFORMATION.


C51 COMPILATION COMPLETE.  0 WARNING(S),  0 ERROR(S)
