C51 COMPILER V9.60.7.0   MAIN                                                              09/07/2025 21:04:01 PAGE 1   


C51 COMPILER V9.60.7.0, COMPILATION OF MODULE MAIN
OBJECT MODULE PLACED IN .\Objects\main.obj
COMPILER INVOKED BY: E:\software\software\keil5\C51\BIN\C51.EXE main.c OPTIMIZE(8,SPEED) BROWSE DEBUG OBJECTEXTEND PRINT
                    -(.\Listings\main.lst) OBJECT(.\Objects\main.obj)

line level    source

   1          #include <REGX52.H>
   2          
   3          void Delay(unsigned int t)              //@12.000MHz
   4          {
   5   1              unsigned char i, j;
   6   1              while(t--)
   7   1              {
   8   2                      i = 2;
   9   2                      j = 239;
  10   2                      do
  11   2                      {
  12   3                              while (--j);
  13   3                      } while (--i);
  14   2              }
  15   1      }
  16          
  17          
  18          void main()
  19          {
  20   1              unsigned char LEDNum=0;
  21   1              while(1)
  22   1              {
  23   2                      if(P3_1==0)//press
  24   2                      {
  25   3                              //filter fluctuation
  26   3                              Delay(20);
  27   3                              while(P3_1==0);
  28   3                              Delay(20);
  29   3                              //P2 default state: 1111 1111
  30   3                              
  31   3                              LEDNum++;
  32   3                              P2=~LEDNum;;//reverse LED light
  33   3                      }
  34   2              }
  35   1      }


MODULE INFORMATION:   STATIC OVERLAYABLE
   CODE SIZE        =     50    ----
   CONSTANT SIZE    =   ----    ----
   XDATA SIZE       =   ----    ----
   PDATA SIZE       =   ----    ----
   DATA SIZE        =   ----    ----
   IDATA SIZE       =   ----    ----
   BIT SIZE         =   ----    ----
END OF MODULE INFORMATION.


C51 COMPILATION COMPLETE.  0 WARNING(S),  0 ERROR(S)
