C51 COMPILER V9.60.7.0   MAIN                                                              09/16/2025 21:52:21 PAGE 1   


C51 COMPILER V9.60.7.0, COMPILATION OF MODULE MAIN
OBJECT MODULE PLACED IN .\Objects\main.obj
COMPILER INVOKED BY: E:\software\software\keil5\C51\BIN\C51.EXE main.c OPTIMIZE(8,SPEED) BROWSE DEBUG OBJECTEXTEND PRINT
                    -(.\Listings\main.lst) OBJECT(.\Objects\main.obj)

line level    source

   1          #include <REGX52.H>
   2          #include "Delay.h"
   3          #include "UART.h"
   4          
   5          unsigned char Sec;
   6          
   7          
   8          void main()
   9          {
  10   1              UART_Init();
  11   1              while(1)
  12   1              {
  13   2      
  14   2              }
  15   1      }
  16          
  17          //单片机接收数据时 产生 串口接收中断，跳转到以下程序
  18          void UART_Routine() interrupt 4
  19          {
  20   1              if(RI==1)//接收控制中断(判断是发送还是接收)
  21   1              {
  22   2                      P2=~SBUF;//读出数据SBUF
  23   2                      UART_SendByte(SBUF);
  24   2                      RI=0;//软件复位
  25   2              }
  26   1      }


MODULE INFORMATION:   STATIC OVERLAYABLE
   CODE SIZE        =     76    ----
   CONSTANT SIZE    =   ----    ----
   XDATA SIZE       =   ----    ----
   PDATA SIZE       =   ----    ----
   DATA SIZE        =      1    ----
   IDATA SIZE       =   ----    ----
   BIT SIZE         =   ----    ----
END OF MODULE INFORMATION.


C51 COMPILATION COMPLETE.  0 WARNING(S),  0 ERROR(S)
