C51 COMPILER V9.60.7.0   UART                                                              09/16/2025 21:30:26 PAGE 1   


C51 COMPILER V9.60.7.0, COMPILATION OF MODULE UART
OBJECT MODULE PLACED IN .\Objects\UART.obj
COMPILER INVOKED BY: E:\software\software\keil5\C51\BIN\C51.EXE UART.c OPTIMIZE(8,SPEED) BROWSE DEBUG OBJECTEXTEND PRINT
                    -(.\Listings\UART.lst) OBJECT(.\Objects\UART.obj)

line level    source

   1          #include <REGX52.H>
   2          
   3          
   4          /**
   5            * @brief  串口初始化
   6            * @param  无
   7            * @retval 无
   8            */
   9          void UART_Init()//4800bps@11.0592MHz
  10          {
  11   1              PCON &= 0x7F;           //波特率不倍速
  12   1              SCON = 0x50;            //8位数据,可变波特率
  13   1              
  14   1              TMOD &= 0x0F;           //设置定时器模式
  15   1              TMOD |= 0x20;           //设置定时器模式
  16   1              TL1 = 0xFA;             //设定定时初值
  17   1              TH1 = 0xFA;             //设定定时器重装值
  18   1              ET1 = 0;                //禁止定时器1中断
  19   1              TR1 = 1;                //启动定时器1
  20   1      }
  21          
  22          /**
  23            * @brief  串口发送一个字节数据
  24            * @param  Byte 要发送的一个字节数据
  25            * @retval 无
  26            */
  27          void UART_SendByte(unsigned char Byte)
  28          {
  29   1              SBUF=Byte;
  30   1              while(TI==0);
  31   1              TI=0;
  32   1      }


MODULE INFORMATION:   STATIC OVERLAYABLE
   CODE SIZE        =     31    ----
   CONSTANT SIZE    =   ----    ----
   XDATA SIZE       =   ----    ----
   PDATA SIZE       =   ----    ----
   DATA SIZE        =   ----    ----
   IDATA SIZE       =   ----    ----
   BIT SIZE         =   ----    ----
END OF MODULE INFORMATION.


C51 COMPILATION COMPLETE.  0 WARNING(S),  0 ERROR(S)
