C51 COMPILER V9.60.7.0   NIXIE                                                             09/08/2025 18:53:13 PAGE 1   


C51 COMPILER V9.60.7.0, COMPILATION OF MODULE NIXIE
OBJECT MODULE PLACED IN .\Objects\Nixie.obj
COMPILER INVOKED BY: E:\software\software\keil5\C51\BIN\C51.EXE Nixie.c OPTIMIZE(8,SPEED) BROWSE DEBUG OBJECTEXTEND PRIN
                    -T(.\Listings\Nixie.lst) OBJECT(.\Objects\Nixie.obj)

line level    source

   1          #include <REGX52.H>
   2          #include "Delay.h"
   3          
   4          unsigned char NixieTable[]={0x3F,0x06,0x5B,0x4F,0x66,0x6D,0x7D,0x07,0x7F,0x6F,0x77,0x7C,0x39,0x5E,0x79,0x7
             -1,0x00};
   5          
   6          
   7          void Nixie(unsigned char Location,Number)
   8          {
   9   1              switch(Location)
  10   1              {
  11   2                      case 1://location 1 is LED8 -> Y7
  12   2                              P2_4=1;P2_3=1;P2_2=1;break;
  13   2                      case 2:P2_4=1;P2_3=1;P2_2=0;break;
  14   2                      case 3:P2_4=1;P2_3=0;P2_2=1;break;
  15   2                      case 4:P2_4=1;P2_3=0;P2_2=0;break;
  16   2                      case 5:P2_4=0;P2_3=1;P2_2=1;break;
  17   2                      case 6:P2_4=0;P2_3=1;P2_2=0;break;
  18   2                      case 7:P2_4=0;P2_3=0;P2_2=1;break;
  19   2                      case 8:P2_4=0;P2_3=0;P2_2=0;break;
  20   2              }
  21   1              P0=NixieTable[Number];
  22   1              // remove shadow
  23   1              Delay(1);
  24   1              P0=0x00;        // reset zero
  25   1      }


MODULE INFORMATION:   STATIC OVERLAYABLE
   CODE SIZE        =    109    ----
   CONSTANT SIZE    =   ----    ----
   XDATA SIZE       =   ----    ----
   PDATA SIZE       =   ----    ----
   DATA SIZE        =     17    ----
   IDATA SIZE       =   ----    ----
   BIT SIZE         =   ----    ----
END OF MODULE INFORMATION.


C51 COMPILATION COMPLETE.  0 WARNING(S),  0 ERROR(S)
