C51 COMPILER V9.60.7.0   MAIN                                                              09/07/2025 20:54:48 PAGE 1   


C51 COMPILER V9.60.7.0, COMPILATION OF MODULE MAIN
OBJECT MODULE PLACED IN .\Objects\main.obj
COMPILER INVOKED BY: E:\software\software\keil5\C51\BIN\C51.EXE main.c OPTIMIZE(8,SPEED) BROWSE DEBUG OBJECTEXTEND PRINT
                    -(.\Listings\main.lst) OBJECT(.\Objects\main.obj)

line level    source

   1          #include <REGX52.H>
   2          
   3          unsigned char NixieTable[]={0x3F,0x06,0x5B,0x4F,0x66,0x6D,0x7D,0x07,0x7F,0x6F,0x77,0x7C,0x39,0x5E,0x79,0x7
             -1,0x00};
   4          
   5          void Delay(unsigned int t)              //@12.000MHz
   6          {
   7   1              unsigned char i, j;
   8   1              while(t--)
   9   1              {
  10   2                      i = 2;
  11   2                      j = 239;
  12   2                      do
  13   2                      {
  14   3                              while (--j);
  15   3                      } while (--i);
  16   2              }
  17   1      }
  18          
  19          void Nixie(unsigned char Location,Number)
  20          {
  21   1              switch(Location)
  22   1              {
  23   2                      case 1://location 1 is LED8 -> Y7
  24   2                              P2_4=1;P2_3=1;P2_2=1;break;
  25   2                      case 2:P2_4=1;P2_3=1;P2_2=0;break;
  26   2                      case 3:P2_4=1;P2_3=0;P2_2=1;break;
  27   2                      case 4:P2_4=1;P2_3=0;P2_2=0;break;
  28   2                      case 5:P2_4=0;P2_3=1;P2_2=1;break;
  29   2                      case 6:P2_4=0;P2_3=1;P2_2=0;break;
  30   2                      case 7:P2_4=0;P2_3=0;P2_2=1;break;
  31   2                      case 8:P2_4=0;P2_3=0;P2_2=0;break;
  32   2              }
  33   1              P0=NixieTable[Number];
  34   1              // remove shadow
  35   1              Delay(1);
  36   1              P0=0x00;        // reset zero
  37   1      }
  38          
  39          void main()
  40          {       
  41   1              while(1)
  42   1              {
  43   2                      Nixie(1,1);
  44   2                      //Delay(200);
  45   2                      Nixie(2,2);
  46   2                      //Delay(200);
  47   2                      Nixie(3,3);
  48   2                      //Delay(200);
  49   2              }
  50   1      }


MODULE INFORMATION:   STATIC OVERLAYABLE
C51 COMPILER V9.60.7.0   MAIN                                                              09/07/2025 20:54:48 PAGE 2   

   CODE SIZE        =    159    ----
   CONSTANT SIZE    =   ----    ----
   XDATA SIZE       =   ----    ----
   PDATA SIZE       =   ----    ----
   DATA SIZE        =     17    ----
   IDATA SIZE       =   ----    ----
   BIT SIZE         =   ----    ----
END OF MODULE INFORMATION.


C51 COMPILATION COMPLETE.  0 WARNING(S),  0 ERROR(S)
